INFO:root:Starting CNN for Cifar10 dataset...
INFO:root:None
INFO:root:Starting CNN for Cifar10 dataset...
INFO:root:Starting CNN for Cifar10 dataset...
WARNING:tensorflow:From /Users/lmccann/.local/share/virtualenvs/ai-project4-2mjGBW3I/lib/python3.7/site-packages/tensorflow_core/python/ops/resource_variable_ops.py:1630: calling BaseResourceVariable.__init__ (from tensorflow.python.ops.resource_variable_ops) with constraint is deprecated and will be removed in a future version.
Instructions for updating:
If using Keras pass *_constraint arguments to layers.
INFO:root:Starting CNN for Cifar10 dataset...
WARNING:tensorflow:From /Users/lmccann/.local/share/virtualenvs/ai-project4-2mjGBW3I/lib/python3.7/site-packages/tensorflow_core/python/ops/resource_variable_ops.py:1630: calling BaseResourceVariable.__init__ (from tensorflow.python.ops.resource_variable_ops) with constraint is deprecated and will be removed in a future version.
Instructions for updating:
If using Keras pass *_constraint arguments to layers.
INFO:root:Starting CNN for Cifar10 dataset...
WARNING:tensorflow:From /Users/lmccann/.local/share/virtualenvs/ai-project4-2mjGBW3I/lib/python3.7/site-packages/tensorflow_core/python/ops/resource_variable_ops.py:1630: calling BaseResourceVariable.__init__ (from tensorflow.python.ops.resource_variable_ops) with constraint is deprecated and will be removed in a future version.
Instructions for updating:
If using Keras pass *_constraint arguments to layers.
INFO:root:Starting CNN for Cifar10 dataset...
WARNING:tensorflow:From /Users/lmccann/.local/share/virtualenvs/ai-project4-2mjGBW3I/lib/python3.7/site-packages/tensorflow_core/python/ops/resource_variable_ops.py:1630: calling BaseResourceVariable.__init__ (from tensorflow.python.ops.resource_variable_ops) with constraint is deprecated and will be removed in a future version.
Instructions for updating:
If using Keras pass *_constraint arguments to layers.
INFO:root:Starting CNN for Cifar10 dataset...
WARNING:tensorflow:From /Users/lmccann/.local/share/virtualenvs/ai-project4-2mjGBW3I/lib/python3.7/site-packages/tensorflow_core/python/ops/resource_variable_ops.py:1630: calling BaseResourceVariable.__init__ (from tensorflow.python.ops.resource_variable_ops) with constraint is deprecated and will be removed in a future version.
Instructions for updating:
If using Keras pass *_constraint arguments to layers.
INFO:root:Starting CNN for Cifar10 dataset...
WARNING:tensorflow:From /Users/lmccann/.local/share/virtualenvs/ai-project4-2mjGBW3I/lib/python3.7/site-packages/tensorflow_core/python/ops/resource_variable_ops.py:1630: calling BaseResourceVariable.__init__ (from tensorflow.python.ops.resource_variable_ops) with constraint is deprecated and will be removed in a future version.
Instructions for updating:
If using Keras pass *_constraint arguments to layers.
INFO:root:Starting CNN for Cifar10 dataset...
WARNING:tensorflow:From /Users/lmccann/.local/share/virtualenvs/ai-project4-2mjGBW3I/lib/python3.7/site-packages/tensorflow_core/python/ops/resource_variable_ops.py:1630: calling BaseResourceVariable.__init__ (from tensorflow.python.ops.resource_variable_ops) with constraint is deprecated and will be removed in a future version.
Instructions for updating:
If using Keras pass *_constraint arguments to layers.
INFO:root:Starting CNN for Cifar10 dataset...
WARNING:tensorflow:From /Users/lmccann/.local/share/virtualenvs/ai-project4-2mjGBW3I/lib/python3.7/site-packages/tensorflow_core/python/ops/resource_variable_ops.py:1630: calling BaseResourceVariable.__init__ (from tensorflow.python.ops.resource_variable_ops) with constraint is deprecated and will be removed in a future version.
Instructions for updating:
If using Keras pass *_constraint arguments to layers.
INFO:root:Starting CNN for Cifar10 dataset...
WARNING:tensorflow:From /Users/lmccann/.local/share/virtualenvs/ai-project4-2mjGBW3I/lib/python3.7/site-packages/tensorflow_core/python/ops/resource_variable_ops.py:1630: calling BaseResourceVariable.__init__ (from tensorflow.python.ops.resource_variable_ops) with constraint is deprecated and will be removed in a future version.
Instructions for updating:
If using Keras pass *_constraint arguments to layers.
INFO:root:Starting CNN for Cifar10 dataset...
WARNING:tensorflow:From /Users/lmccann/.local/share/virtualenvs/ai-project4-2mjGBW3I/lib/python3.7/site-packages/tensorflow_core/python/ops/resource_variable_ops.py:1630: calling BaseResourceVariable.__init__ (from tensorflow.python.ops.resource_variable_ops) with constraint is deprecated and will be removed in a future version.
Instructions for updating:
If using Keras pass *_constraint arguments to layers.
INFO:root:Starting CNN for Cifar10 dataset...
WARNING:tensorflow:From /Users/lmccann/.local/share/virtualenvs/ai-project4-2mjGBW3I/lib/python3.7/site-packages/tensorflow_core/python/ops/resource_variable_ops.py:1630: calling BaseResourceVariable.__init__ (from tensorflow.python.ops.resource_variable_ops) with constraint is deprecated and will be removed in a future version.
Instructions for updating:
If using Keras pass *_constraint arguments to layers.
INFO:root:Starting CNN for Cifar10 dataset...
WARNING:tensorflow:From /Users/lmccann/.local/share/virtualenvs/ai-project4-2mjGBW3I/lib/python3.7/site-packages/tensorflow_core/python/ops/resource_variable_ops.py:1630: calling BaseResourceVariable.__init__ (from tensorflow.python.ops.resource_variable_ops) with constraint is deprecated and will be removed in a future version.
Instructions for updating:
If using Keras pass *_constraint arguments to layers.
INFO:root:Starting CNN for Cifar10 dataset...
WARNING:tensorflow:From /Users/lmccann/.local/share/virtualenvs/ai-project4-2mjGBW3I/lib/python3.7/site-packages/tensorflow_core/python/ops/resource_variable_ops.py:1630: calling BaseResourceVariable.__init__ (from tensorflow.python.ops.resource_variable_ops) with constraint is deprecated and will be removed in a future version.
Instructions for updating:
If using Keras pass *_constraint arguments to layers.
INFO:root:Starting CNN for Cifar10 dataset...
WARNING:tensorflow:From /Users/lmccann/.local/share/virtualenvs/ai-project4-2mjGBW3I/lib/python3.7/site-packages/tensorflow_core/python/ops/resource_variable_ops.py:1630: calling BaseResourceVariable.__init__ (from tensorflow.python.ops.resource_variable_ops) with constraint is deprecated and will be removed in a future version.
Instructions for updating:
If using Keras pass *_constraint arguments to layers.
INFO:root:Starting CNN for Cifar10 dataset...
WARNING:tensorflow:From /Users/lmccann/.local/share/virtualenvs/ai-project4-2mjGBW3I/lib/python3.7/site-packages/tensorflow_core/python/ops/resource_variable_ops.py:1630: calling BaseResourceVariable.__init__ (from tensorflow.python.ops.resource_variable_ops) with constraint is deprecated and will be removed in a future version.
Instructions for updating:
If using Keras pass *_constraint arguments to layers.
INFO:root:Starting CNN for Cifar10 dataset...
WARNING:tensorflow:From /Users/lmccann/.local/share/virtualenvs/ai-project4-2mjGBW3I/lib/python3.7/site-packages/tensorflow_core/python/ops/resource_variable_ops.py:1630: calling BaseResourceVariable.__init__ (from tensorflow.python.ops.resource_variable_ops) with constraint is deprecated and will be removed in a future version.
Instructions for updating:
If using Keras pass *_constraint arguments to layers.
INFO:root:Starting CNN for Cifar10 dataset...
WARNING:tensorflow:From /Users/lmccann/.local/share/virtualenvs/ai-project4-2mjGBW3I/lib/python3.7/site-packages/tensorflow_core/python/ops/resource_variable_ops.py:1630: calling BaseResourceVariable.__init__ (from tensorflow.python.ops.resource_variable_ops) with constraint is deprecated and will be removed in a future version.
Instructions for updating:
If using Keras pass *_constraint arguments to layers.
INFO:root:Starting CNN for Cifar10 dataset...
WARNING:tensorflow:From /Users/lmccann/.local/share/virtualenvs/ai-project4-2mjGBW3I/lib/python3.7/site-packages/tensorflow_core/python/ops/resource_variable_ops.py:1630: calling BaseResourceVariable.__init__ (from tensorflow.python.ops.resource_variable_ops) with constraint is deprecated and will be removed in a future version.
Instructions for updating:
If using Keras pass *_constraint arguments to layers.
INFO:root:Starting CNN for Cifar10 dataset...
WARNING:tensorflow:From /Users/lmccann/.local/share/virtualenvs/ai-project4-2mjGBW3I/lib/python3.7/site-packages/tensorflow_core/python/ops/resource_variable_ops.py:1630: calling BaseResourceVariable.__init__ (from tensorflow.python.ops.resource_variable_ops) with constraint is deprecated and will be removed in a future version.
Instructions for updating:
If using Keras pass *_constraint arguments to layers.
INFO:root:Starting CNN for Cifar10 dataset...
WARNING:tensorflow:From /Users/lmccann/.local/share/virtualenvs/ai-project4-2mjGBW3I/lib/python3.7/site-packages/tensorflow_core/python/ops/resource_variable_ops.py:1630: calling BaseResourceVariable.__init__ (from tensorflow.python.ops.resource_variable_ops) with constraint is deprecated and will be removed in a future version.
Instructions for updating:
If using Keras pass *_constraint arguments to layers.
INFO:root:Starting CNN for Cifar10 dataset...
WARNING:tensorflow:From /Users/lmccann/.local/share/virtualenvs/ai-project4-2mjGBW3I/lib/python3.7/site-packages/tensorflow_core/python/ops/resource_variable_ops.py:1630: calling BaseResourceVariable.__init__ (from tensorflow.python.ops.resource_variable_ops) with constraint is deprecated and will be removed in a future version.
Instructions for updating:
If using Keras pass *_constraint arguments to layers.
INFO:root:Starting CNN for Cifar10 dataset...
WARNING:tensorflow:From /Users/lmccann/.local/share/virtualenvs/ai-project4-2mjGBW3I/lib/python3.7/site-packages/tensorflow_core/python/ops/resource_variable_ops.py:1630: calling BaseResourceVariable.__init__ (from tensorflow.python.ops.resource_variable_ops) with constraint is deprecated and will be removed in a future version.
Instructions for updating:
If using Keras pass *_constraint arguments to layers.
INFO:root:Starting CNN for Cifar10 dataset...
WARNING:tensorflow:From /Users/lmccann/.local/share/virtualenvs/ai-project4-2mjGBW3I/lib/python3.7/site-packages/tensorflow_core/python/ops/resource_variable_ops.py:1630: calling BaseResourceVariable.__init__ (from tensorflow.python.ops.resource_variable_ops) with constraint is deprecated and will be removed in a future version.
Instructions for updating:
If using Keras pass *_constraint arguments to layers.
INFO:root:Starting CNN for Cifar10 dataset...
INFO:root:Starting CNN for Cifar10 dataset...
INFO:root:Starting CNN for Cifar10 dataset...
INFO:root:Starting CNN for Cifar10 dataset...
INFO:root:Starting CNN for Cifar10 dataset...
INFO:root:Starting CNN for Cifar10 dataset...
INFO:root:Starting CNN for Cifar10 dataset...
INFO:root:Starting CNN for Cifar10 dataset...
INFO:root:Starting CNN for Cifar10 dataset...
INFO:root:Starting CNN for Cifar10 dataset...
INFO:root:Starting CNN for Cifar10 dataset...
INFO:root:Starting CNN for Cifar10 dataset...
INFO:root:Starting CNN for Cifar10 dataset...
INFO:root:Starting CNN for Cifar10 dataset...
INFO:root:Starting CNN for Cifar10 dataset...
INFO:root:Starting CNN for Cifar10 dataset...
INFO:root:Starting CNN for Cifar10 dataset...
INFO:root:Starting CNN for Cifar10 dataset...
INFO:root:Starting CNN for Cifar10 dataset...
